<?xml version="1.0" encoding="UTF-8"?>
<testsuite xmlns:xsi="http://www.w3.org/2001/XMLSchema-instance" xsi:noNamespaceSchemaLocation="https://maven.apache.org/surefire/maven-surefire-plugin/xsd/surefire-test-report-3.0.xsd" version="3.0" name="io.b3.B3ApplicationTests" time="2.397" tests="1" errors="0" skipped="0" failures="0">
  <properties>
[...]
</properties>
  <testcase name="contextLoads" classname="io.b3.B3ApplicationTests" time="0.397">
    <system-out><![CDATA[02:25:05.862 [main] INFO org.springframework.test.context.support.AnnotationConfigContextLoaderUtils -- Could not detect default configuration classes for test class [io.b3.B3ApplicationTests]: B3ApplicationTests does not declare any static, non-private, non-final, nested classes annotated with @Configuration.
02:25:05.906 [main] INFO org.springframework.boot.test.context.SpringBootTestContextBootstrapper -- Found @SpringBootConfiguration io.b3.B3Application for test class io.b3.B3ApplicationTests

  .   ____          _            __ _ _
 /\\ / ___'_ __ _ _(_)_ __  __ _ \ \ \ \
( ( )\___ | '_ | '_| | '_ \/ _` | \ \ \ \
 \\/  ___)| |_)| | | | | || (_| |  ) ) ) )
  '  |____| .__|_| |_|_| |_\__, | / / / /
 =========|_|==============|___/=/_/_/_/

 :: Spring Boot ::                (v3.3.4)

2024-10-05T02:25:06.080+05:30  INFO 37797 --- [b3] [           main] io.b3.B3ApplicationTests                 : Starting B3ApplicationTests using Java 21.0.4 with PID 37797 (started by rohi in /home/rohi/src/b3)
2024-10-05T02:25:06.081+05:30  INFO 37797 --- [b3] [           main] io.b3.B3ApplicationTests                 : No active profile set, falling back to 1 default profile: "default"
2024-10-05T02:25:06.368+05:30  INFO 37797 --- [b3] [           main] .s.d.r.c.RepositoryConfigurationDelegate : Bootstrapping Spring Data MongoDB repositories in DEFAULT mode.
2024-10-05T02:25:06.390+05:30  INFO 37797 --- [b3] [           main] .s.d.r.c.RepositoryConfigurationDelegate : Finished Spring Data repository scanning in 20 ms. Found 1 MongoDB repository interface.
2024-10-05T02:25:06.861+05:30  INFO 37797 --- [b3] [           main] org.mongodb.driver.client                : MongoClient with metadata {"application": {"name": "B3"}, "driver": {"name": "mongo-java-driver|sync|spring-boot", "version": "5.0.1"}, "os": {"type": "Linux", "name": "Linux", "architecture": "amd64", "version": "6.8.5-301.fc40.x86_64"}, "platform": "Java/Red Hat, Inc./21.0.4+7"} created with settings MongoClientSettings{readPreference=primary, writeConcern=WriteConcern{w=majority, wTimeout=null ms, journal=null}, retryWrites=true, retryReads=true, readConcern=ReadConcern{level=null}, credential=MongoCredential{mechanism=null, userName='rohidev', source='admin', password=<hidden>, mechanismProperties=<hidden>}, transportSettings=null, commandListeners=[], codecRegistry=ProvidersCodecRegistry{codecProviders=[ValueCodecProvider{}, BsonValueCodecProvider{}, DBRefCodecProvider{}, DBObjectCodecProvider{}, DocumentCodecProvider{}, CollectionCodecProvider{}, IterableCodecProvider{}, MapCodecProvider{}, GeoJsonCodecProvider{}, GridFSFileCodecProvider{}, Jsr310CodecProvider{}, JsonObjectCodecProvider{}, BsonCodecProvider{}, EnumCodecProvider{}, com.mongodb.client.model.mql.ExpressionCodecProvider@4a44cfc0, com.mongodb.Jep395RecordCodecProvider@60e3c26e, com.mongodb.KotlinCodecProvider@80b122b]}, loggerSettings=LoggerSettings{maxDocumentLength=1000}, clusterSettings={hosts=[127.0.0.1:27017], srvHost=b3.evmns.mongodb.net, srvServiceName=mongodb, mode=MULTIPLE, requiredClusterType=REPLICA_SET, requiredReplicaSetName='atlas-76yyx9-shard-0', serverSelector='null', clusterListeners='[]', serverSelectionTimeout='30000 ms', localThreshold='15 ms'}, socketSettings=SocketSettings{connectTimeoutMS=10000, readTimeoutMS=0, receiveBufferSize=0, proxySettings=ProxySettings{host=null, port=null, username=null, password=null}}, heartbeatSocketSettings=SocketSettings{connectTimeoutMS=10000, readTimeoutMS=10000, receiveBufferSize=0, proxySettings=ProxySettings{host=null, port=null, username=null, password=null}}, connectionPoolSettings=ConnectionPoolSettings{maxSize=100, minSize=0, maxWaitTimeMS=120000, maxConnectionLifeTimeMS=0, maxConnectionIdleTimeMS=0, maintenanceInitialDelayMS=0, maintenanceFrequencyMS=60000, connectionPoolListeners=[], maxConnecting=2}, serverSettings=ServerSettings{heartbeatFrequencyMS=10000, minHeartbeatFrequencyMS=500, serverListeners='[]', serverMonitorListeners='[]'}, sslSettings=SslSettings{enabled=true, invalidHostNameAllowed=false, context=null}, applicationName='B3', compressorList=[], uuidRepresentation=JAVA_LEGACY, serverApi=null, autoEncryptionSettings=null, dnsClient=null, inetAddressResolver=null, contextProvider=null}
2024-10-05T02:25:06.961+05:30  INFO 37797 --- [b3] [mns.mongodb.net] org.mongodb.driver.cluster               : Adding discovered server b3-shard-00-02.evmns.mongodb.net:27017 to client view of cluster
2024-10-05T02:25:06.972+05:30  INFO 37797 --- [b3] [mns.mongodb.net] org.mongodb.driver.cluster               : Adding discovered server b3-shard-00-01.evmns.mongodb.net:27017 to client view of cluster
2024-10-05T02:25:06.973+05:30  INFO 37797 --- [b3] [mns.mongodb.net] org.mongodb.driver.cluster               : Adding discovered server b3-shard-00-00.evmns.mongodb.net:27017 to client view of cluster
2024-10-05T02:25:07.754+05:30  INFO 37797 --- [b3] [           main] io.b3.B3ApplicationTests                 : Started B3ApplicationTests in 1.791 seconds (process running for 2.211)
]]></system-out>
    <system-err><![CDATA[WARNING: A Java agent has been loaded dynamically (/home/rohi/.m2/repository/net/bytebuddy/byte-buddy-agent/1.14.19/byte-buddy-agent-1.14.19.jar)
WARNING: If a serviceability tool is in use, please run with -XX:+EnableDynamicAgentLoading to hide this warning
WARNING: If a serviceability tool is not in use, please run with -Djdk.instrument.traceUsage for more information
WARNING: Dynamic loading of agents will be disallowed by default in a future release
]]></system-err>
  </testcase>
</testsuite>